<?xml version="1.0" encoding="UTF-8"?>
<testng-results ignored="0" total="1" passed="1" failed="0" skipped="0">
  <reporter-output>
  </reporter-output>
  <suite started-at="2025-02-10T13:58:36 IST" name="Default suite" finished-at="2025-02-10T13:58:36 IST" duration-ms="75">
    <groups>
    </groups>
    <test started-at="2025-02-10T13:58:36 IST" name="Default test" finished-at="2025-02-10T13:58:36 IST" duration-ms="75">
      <class name="cucumber.Options.JUnitTest">
        <test-method signature="test()[pri:0, instance:cucumber.Options.JUnitTest@1c9f0a20]" started-at="2025-02-10T13:58:36 IST" name="test" finished-at="2025-02-10T13:58:36 IST" duration-ms="15" status="PASS">
          <reporter-output>
          </reporter-output>
        </test-method> <!-- test -->
      </class> <!-- cucumber.Options.JUnitTest -->
    </test> <!-- Default test -->
  </suite> <!-- Default suite -->
</testng-results>
